This is e-upTeX, Version 3.141592653-p4.1.1-u1.30-230214-2.6 (utf8.uptex) (TeX Live 2024) (preloaded format=uplatex 2024.7.9)  16 JAN 2025 12:03
entering extended mode
 restricted \write18 enabled.
 file:line:error style messages enabled.
 %&-line parsing enabled.
**reference.tex
(./reference.tex
pLaTeX2e <2023-02-14u04>+1, based on
LaTeX2e <2023-11-01> patch level 1
L3 programming layer <2024-02-20>

./reference.tex:2: LaTeX Error: Environment thebibliography undefined.

See the LaTeX manual or LaTeX Companion for explanation.
Type  H <return>  for immediate help.
 ...                                              
                                                  
l.2 \begin{thebibliography}
                           {10}
? 
./reference.tex:2: Emergency stop.
 ...                                              
                                                  
l.2 \begin{thebibliography}
                           {10}
Your command was ignored.
Type  I <command> <return>  to replace it with another command,
or  <return>  to continue without it.

 
Here is how much of TeX's memory you used:
 18 strings out of 474774
 485 string characters out of 5758803
 1918032 words of memory out of 5000000
 22483 multiletter control sequences out of 15000+600000
 560710 words of font info for 54 fonts, out of 8000000 for 9000
 929 hyphenation exceptions out of 8191
 15i,0n,23p,77b,18s stack positions out of 10000i,1000n,20000p,200000b,200000s
No pages of output.
